Using pre-set license
Built from '2020.3/staging' branch; Version is '2020.3.13f1 (71691879b7f5) revision 7432472'; Using compiler version '192528614'; Build Type 'Release'
OS: 'Windows 10 Home; OS build 19043.1348; Version 2009; 64bit' Language: 'es' Physical Memory: 16215 MB
BatchMode: 1, IsHumanControllingUs: 0, StartBugReporterOnCrash: 0, Is64bit: 1, IsPro: 0

 COMMAND LINE ARGUMENTS:
C:\Program Files\Unity\Hub\Editor\2020.3.13f1\Editor\Unity.exe
-adb2
-batchMode
-noUpm
-name
AssetImportWorker0
-projectPath
C:/Users/andre/OneDrive/Escritorio/UCM/Cuarto/JS/ProyectoFinal_JS
-logFile
Logs/AssetImportWorker0.log
-srvPort
62855
Successfully changed project path to: C:/Users/andre/OneDrive/Escritorio/UCM/Cuarto/JS/ProyectoFinal_JS
C:/Users/andre/OneDrive/Escritorio/UCM/Cuarto/JS/ProyectoFinal_JS
Using Asset Import Pipeline V2.
Refreshing native plugins compatible for Editor in 94.71 ms, found 3 plugins.
Preloading 0 native plugins for Editor in 0.00 ms.
Initialize engine version: 2020.3.13f1 (71691879b7f5)
[Subsystems] Discovering subsystems at path C:/Program Files/Unity/Hub/Editor/2020.3.13f1/Editor/Data/Resources/UnitySubsystems
[Subsystems] Discovering subsystems at path C:/Users/andre/OneDrive/Escritorio/UCM/Cuarto/JS/ProyectoFinal_JS/Assets
GfxDevice: creating device client; threaded=0
Direct3D:
    Version:  Direct3D 11.0 [level 11.1]
    Renderer: NVIDIA GeForce RTX 2060 (ID=0x1f15)
    Vendor:   
    VRAM:     5980 MB
    Driver:   27.21.14.5167
Initialize mono
Mono path[0] = 'C:/Program Files/Unity/Hub/Editor/2020.3.13f1/Editor/Data/Managed'
Mono path[1] = 'C:/Program Files/Unity/Hub/Editor/2020.3.13f1/Editor/Data/MonoBleedingEdge/lib/mono/unityjit'
Mono config path = 'C:/Program Files/Unity/Hub/Editor/2020.3.13f1/Editor/Data/MonoBleedingEdge/etc'
Using monoOptions --debugger-agent=transport=dt_socket,embedding=1,server=y,suspend=n,address=127.0.0.1:56608
Begin MonoManager ReloadAssembly
Registering precompiled unity dll's ...
Register platform support module: C:/Program Files/Unity/Hub/Editor/2020.3.13f1/Editor/Data/PlaybackEngines/WindowsStandaloneSupport/UnityEditor.WindowsStandalone.Extensions.dll
Registered in 0.001661 seconds.
Native extension for WindowsStandalone target not found
Refreshing native plugins compatible for Editor in 76.43 ms, found 3 plugins.
Preloading 0 native plugins for Editor in 0.00 ms.
Mono: successfully reloaded assembly
- Completed reload, in  1.039 seconds
Platform modules already initialized, skipping
Registering precompiled user dll's ...
Registered in 0.012210 seconds.
Begin MonoManager ReloadAssembly
Native extension for WindowsStandalone target not found
Refreshing native plugins compatible for Editor in 1.26 ms, found 3 plugins.
Preloading 0 native plugins for Editor in 0.00 ms.
Loading config data at: Assets/uAdventure/Resources/config_editor.xml
UnityEngine.StackTraceUtility:ExtractStackTrace ()
UnityEngine.DebugLogHandler:LogFormat (UnityEngine.LogType,UnityEngine.Object,string,object[])
UnityEngine.Logger:Log (UnityEngine.LogType,object)
UnityEngine.Debug:Log (object)
uAdventure.Editor.ConfigData:.ctor (string) (at Assets/uAdventure/Editor/Engine logic/Controllers/Config/ConfigData.cs:426)
uAdventure.Editor.ConfigData:LoadFromXML (string) (at Assets/uAdventure/Editor/Engine logic/Controllers/Config/ConfigData.cs:363)
uAdventure.Editor.Controller:.cctor () (at Assets/uAdventure/Editor/Engine logic/Controllers/Controller.cs:473)
System.Runtime.CompilerServices.RuntimeHelpers:RunClassConstructor (System.RuntimeTypeHandle)
UnityEditor.EditorAssemblies:ProcessInitializeOnLoadAttributes (System.Type[])

(Filename: Assets/uAdventure/Editor/Engine logic/Controllers/Config/ConfigData.cs Line: 426)

Mono: successfully reloaded assembly
- Completed reload, in  1.313 seconds
Platform modules already initialized, skipping
========================================================================
Worker process is ready to serve import requests
Launched and connected shader compiler UnityShaderCompiler.exe after 0.04 seconds
Refreshing native plugins compatible for Editor in 1.28 ms, found 3 plugins.
Preloading 0 native plugins for Editor in 0.00 ms.
Unloading 3213 Unused Serialized files (Serialized files now loaded: 0)
System memory in use before: 120.3 MB.
System memory in use after: 120.5 MB.

Unloading 88 unused Assets to reduce memory usage. Loaded Objects now: 3589.
Total: 8.038700 ms (FindLiveObjects: 0.693200 ms CreateObjectMapping: 0.288800 ms MarkObjects: 6.916900 ms  DeleteObjects: 0.138100 ms)

AssetImportParameters requested are different than current active one (requested -> active):
  custom:framework-win-MediaFoundation: 216162199b28c13a410421893ffa2e32 -> 
  custom:video-decoder-ogg-theora: a1e56fd34408186e4bbccfd4996cb3dc -> 
  custom:container-muxer-webm: aa71ff27fc2769a1b78a27578f13a17b -> 
  custom:container-demuxer-webm: 4f35f7cbe854078d1ac9338744f61a02 -> 
  custom:container-demuxer-ogg: 62fdf1f143b41e24485cea50d1cbac27 -> 
  custom:video-encoder-webm-vp8: eb34c28f22e8b96e1ab97ce403110664 -> 
  custom:video-decoder-webm-vp8: 9c59270c3fd7afecdb556c50c9e8de78 -> 
  custom:audio-decoder-ogg-vorbis: bf7c407c2cedff20999df2af8eb42d56 -> 
  custom:audio-encoder-webm-vorbis: bf7c407c2cedff20999df2af8eb42d56 -> 
========================================================================
Received Import Request.
  path: Assets/uAdventure/Scenes/SampleScene.unity
  artifactKey: Guid(9fc0d4010bbf28b4594072e72b8655ab) Importer(815301076,1909f56bfc062723c751e8b465ee728b)
Start importing Assets/uAdventure/Scenes/SampleScene.unity using Guid(9fc0d4010bbf28b4594072e72b8655ab) Importer(815301076,1909f56bfc062723c751e8b465ee728b)  -> (artifact id: '2d8c94446c696f69619b61f32e32b3f4') in 0.021210 seconds 
  Import took 0.026684 seconds .

========================================================================
Received Prepare
Registering precompiled user dll's ...
Registered in 0.012235 seconds.
Begin MonoManager ReloadAssembly
Native extension for WindowsStandalone target not found
Refreshing native plugins compatible for Editor in 1.29 ms, found 3 plugins.
Preloading 0 native plugins for Editor in 0.00 ms.
Loading config data at: Assets/uAdventure/Resources/config_editor.xml
UnityEngine.StackTraceUtility:ExtractStackTrace ()
UnityEngine.DebugLogHandler:LogFormat (UnityEngine.LogType,UnityEngine.Object,string,object[])
UnityEngine.Logger:Log (UnityEngine.LogType,object)
UnityEngine.Debug:Log (object)
uAdventure.Editor.ConfigData:.ctor (string) (at Assets/uAdventure/Editor/Engine logic/Controllers/Config/ConfigData.cs:426)
uAdventure.Editor.ConfigData:LoadFromXML (string) (at Assets/uAdventure/Editor/Engine logic/Controllers/Config/ConfigData.cs:363)
uAdventure.Editor.Controller:.cctor () (at Assets/uAdventure/Editor/Engine logic/Controllers/Controller.cs:473)
System.Runtime.CompilerServices.RuntimeHelpers:RunClassConstructor (System.RuntimeTypeHandle)
UnityEditor.EditorAssemblies:ProcessInitializeOnLoadAttributes (System.Type[])

(Filename: Assets/uAdventure/Editor/Engine logic/Controllers/Config/ConfigData.cs Line: 426)

Mono: successfully reloaded assembly
- Completed reload, in  1.339 seconds
Platform modules already initialized, skipping
Refreshing native plugins compatible for Editor in 1.28 ms, found 3 plugins.
Preloading 0 native plugins for Editor in 0.00 ms.
Unloading 3248 Unused Serialized files (Serialized files now loaded: 0)
System memory in use before: 122.6 MB.
System memory in use after: 122.1 MB.

Unloading 92 unused Assets to reduce memory usage. Loaded Objects now: 3626.
Total: 6.654300 ms (FindLiveObjects: 0.494400 ms CreateObjectMapping: 0.267700 ms MarkObjects: 5.566800 ms  DeleteObjects: 0.324400 ms)

AssetImportParameters requested are different than current active one (requested -> active):
  custom:framework-win-MediaFoundation: 216162199b28c13a410421893ffa2e32 -> 
  custom:video-decoder-ogg-theora: a1e56fd34408186e4bbccfd4996cb3dc -> 
  custom:container-muxer-webm: aa71ff27fc2769a1b78a27578f13a17b -> 
  custom:container-demuxer-webm: 4f35f7cbe854078d1ac9338744f61a02 -> 
  custom:container-demuxer-ogg: 62fdf1f143b41e24485cea50d1cbac27 -> 
  custom:video-encoder-webm-vp8: eb34c28f22e8b96e1ab97ce403110664 -> 
  custom:video-decoder-webm-vp8: 9c59270c3fd7afecdb556c50c9e8de78 -> 
  custom:audio-decoder-ogg-vorbis: bf7c407c2cedff20999df2af8eb42d56 -> 
  custom:audio-encoder-webm-vorbis: bf7c407c2cedff20999df2af8eb42d56 -> 
========================================================================
Received Prepare
Registering precompiled user dll's ...
Registered in 0.011060 seconds.
Begin MonoManager ReloadAssembly
Native extension for WindowsStandalone target not found
Refreshing native plugins compatible for Editor in 1.14 ms, found 3 plugins.
Preloading 0 native plugins for Editor in 0.00 ms.
Loading config data at: Assets/uAdventure/Resources/config_editor.xml
UnityEngine.StackTraceUtility:ExtractStackTrace ()
UnityEngine.DebugLogHandler:LogFormat (UnityEngine.LogType,UnityEngine.Object,string,object[])
UnityEngine.Logger:Log (UnityEngine.LogType,object)
UnityEngine.Debug:Log (object)
uAdventure.Editor.ConfigData:.ctor (string) (at Assets/uAdventure/Editor/Engine logic/Controllers/Config/ConfigData.cs:426)
uAdventure.Editor.ConfigData:LoadFromXML (string) (at Assets/uAdventure/Editor/Engine logic/Controllers/Config/ConfigData.cs:363)
uAdventure.Editor.Controller:.cctor () (at Assets/uAdventure/Editor/Engine logic/Controllers/Controller.cs:473)
System.Runtime.CompilerServices.RuntimeHelpers:RunClassConstructor (System.RuntimeTypeHandle)
UnityEditor.EditorAssemblies:ProcessInitializeOnLoadAttributes (System.Type[])

(Filename: Assets/uAdventure/Editor/Engine logic/Controllers/Config/ConfigData.cs Line: 426)

Mono: successfully reloaded assembly
- Completed reload, in  1.201 seconds
Platform modules already initialized, skipping
Refreshing native plugins compatible for Editor in 1.25 ms, found 3 plugins.
Preloading 0 native plugins for Editor in 0.00 ms.
Unloading 3248 Unused Serialized files (Serialized files now loaded: 0)
System memory in use before: 122.6 MB.
System memory in use after: 122.2 MB.

Unloading 92 unused Assets to reduce memory usage. Loaded Objects now: 3629.
Total: 6.537800 ms (FindLiveObjects: 0.346000 ms CreateObjectMapping: 0.163100 ms MarkObjects: 5.591000 ms  DeleteObjects: 0.436400 ms)

AssetImportParameters requested are different than current active one (requested -> active):
  custom:framework-win-MediaFoundation: 216162199b28c13a410421893ffa2e32 -> 
  custom:video-decoder-ogg-theora: a1e56fd34408186e4bbccfd4996cb3dc -> 
  custom:container-muxer-webm: aa71ff27fc2769a1b78a27578f13a17b -> 
  custom:container-demuxer-webm: 4f35f7cbe854078d1ac9338744f61a02 -> 
  custom:container-demuxer-ogg: 62fdf1f143b41e24485cea50d1cbac27 -> 
  custom:video-encoder-webm-vp8: eb34c28f22e8b96e1ab97ce403110664 -> 
  custom:video-decoder-webm-vp8: 9c59270c3fd7afecdb556c50c9e8de78 -> 
  custom:audio-decoder-ogg-vorbis: bf7c407c2cedff20999df2af8eb42d56 -> 
  custom:audio-encoder-webm-vorbis: bf7c407c2cedff20999df2af8eb42d56 -> 
========================================================================
Received Import Request.
  Time since last request: 41.662272 seconds.
  path: Assets/uAdventure/Scenes/Quiniela.unity
  artifactKey: Guid(9fc0d4010bbf28b4594072e72b8655ab) Importer(815301076,1909f56bfc062723c751e8b465ee728b)
Start importing Assets/uAdventure/Scenes/Quiniela.unity using Guid(9fc0d4010bbf28b4594072e72b8655ab) Importer(815301076,1909f56bfc062723c751e8b465ee728b)  -> (artifact id: 'af3a46c8e23a8c2bb6b242b85529568e') in 0.018160 seconds 
  Import took 0.024161 seconds .

========================================================================
Received Prepare
Registering precompiled user dll's ...
Registered in 0.009264 seconds.
Begin MonoManager ReloadAssembly
Native extension for WindowsStandalone target not found
Refreshing native plugins compatible for Editor in 0.97 ms, found 3 plugins.
Preloading 0 native plugins for Editor in 0.00 ms.
Loading config data at: Assets/uAdventure/Resources/config_editor.xml
UnityEngine.StackTraceUtility:ExtractStackTrace ()
UnityEngine.DebugLogHandler:LogFormat (UnityEngine.LogType,UnityEngine.Object,string,object[])
UnityEngine.Logger:Log (UnityEngine.LogType,object)
UnityEngine.Debug:Log (object)
uAdventure.Editor.ConfigData:.ctor (string) (at Assets/uAdventure/Editor/Engine logic/Controllers/Config/ConfigData.cs:426)
uAdventure.Editor.ConfigData:LoadFromXML (string) (at Assets/uAdventure/Editor/Engine logic/Controllers/Config/ConfigData.cs:363)
uAdventure.Editor.Controller:.cctor () (at Assets/uAdventure/Editor/Engine logic/Controllers/Controller.cs:473)
System.Runtime.CompilerServices.RuntimeHelpers:RunClassConstructor (System.RuntimeTypeHandle)
UnityEditor.EditorAssemblies:ProcessInitializeOnLoadAttributes (System.Type[])

(Filename: Assets/uAdventure/Editor/Engine logic/Controllers/Config/ConfigData.cs Line: 426)

Mono: successfully reloaded assembly
- Completed reload, in  1.067 seconds
Platform modules already initialized, skipping
Refreshing native plugins compatible for Editor in 1.03 ms, found 3 plugins.
Preloading 0 native plugins for Editor in 0.00 ms.
Unloading 3248 Unused Serialized files (Serialized files now loaded: 0)
System memory in use before: 122.7 MB.
System memory in use after: 122.2 MB.

Unloading 92 unused Assets to reduce memory usage. Loaded Objects now: 3632.
Total: 7.185200 ms (FindLiveObjects: 0.318700 ms CreateObjectMapping: 0.171100 ms MarkObjects: 6.308300 ms  DeleteObjects: 0.386100 ms)

AssetImportParameters requested are different than current active one (requested -> active):
  custom:framework-win-MediaFoundation: 216162199b28c13a410421893ffa2e32 -> 
  custom:video-decoder-ogg-theora: a1e56fd34408186e4bbccfd4996cb3dc -> 
  custom:container-muxer-webm: aa71ff27fc2769a1b78a27578f13a17b -> 
  custom:container-demuxer-webm: 4f35f7cbe854078d1ac9338744f61a02 -> 
  custom:container-demuxer-ogg: 62fdf1f143b41e24485cea50d1cbac27 -> 
  custom:video-encoder-webm-vp8: eb34c28f22e8b96e1ab97ce403110664 -> 
  custom:video-decoder-webm-vp8: 9c59270c3fd7afecdb556c50c9e8de78 -> 
  custom:audio-decoder-ogg-vorbis: bf7c407c2cedff20999df2af8eb42d56 -> 
  custom:audio-encoder-webm-vorbis: bf7c407c2cedff20999df2af8eb42d56 -> 
========================================================================
Received Prepare
Registering precompiled user dll's ...
Registered in 0.009354 seconds.
Begin MonoManager ReloadAssembly
Native extension for WindowsStandalone target not found
Refreshing native plugins compatible for Editor in 1.11 ms, found 3 plugins.
Preloading 0 native plugins for Editor in 0.00 ms.
Loading config data at: Assets/uAdventure/Resources/config_editor.xml
UnityEngine.StackTraceUtility:ExtractStackTrace ()
UnityEngine.DebugLogHandler:LogFormat (UnityEngine.LogType,UnityEngine.Object,string,object[])
UnityEngine.Logger:Log (UnityEngine.LogType,object)
UnityEngine.Debug:Log (object)
uAdventure.Editor.ConfigData:.ctor (string) (at Assets/uAdventure/Editor/Engine logic/Controllers/Config/ConfigData.cs:426)
uAdventure.Editor.ConfigData:LoadFromXML (string) (at Assets/uAdventure/Editor/Engine logic/Controllers/Config/ConfigData.cs:363)
uAdventure.Editor.Controller:.cctor () (at Assets/uAdventure/Editor/Engine logic/Controllers/Controller.cs:473)
System.Runtime.CompilerServices.RuntimeHelpers:RunClassConstructor (System.RuntimeTypeHandle)
UnityEditor.EditorAssemblies:ProcessInitializeOnLoadAttributes (System.Type[])

(Filename: Assets/uAdventure/Editor/Engine logic/Controllers/Config/ConfigData.cs Line: 426)

Mono: successfully reloaded assembly
- Completed reload, in  1.109 seconds
Platform modules already initialized, skipping
Refreshing native plugins compatible for Editor in 0.98 ms, found 3 plugins.
Preloading 0 native plugins for Editor in 0.00 ms.
Unloading 3248 Unused Serialized files (Serialized files now loaded: 0)
System memory in use before: 122.7 MB.
System memory in use after: 122.3 MB.

Unloading 92 unused Assets to reduce memory usage. Loaded Objects now: 3635.
Total: 4.827700 ms (FindLiveObjects: 0.235200 ms CreateObjectMapping: 0.139400 ms MarkObjects: 4.111500 ms  DeleteObjects: 0.340800 ms)

AssetImportParameters requested are different than current active one (requested -> active):
  custom:framework-win-MediaFoundation: 216162199b28c13a410421893ffa2e32 -> 
  custom:video-decoder-ogg-theora: a1e56fd34408186e4bbccfd4996cb3dc -> 
  custom:container-muxer-webm: aa71ff27fc2769a1b78a27578f13a17b -> 
  custom:container-demuxer-webm: 4f35f7cbe854078d1ac9338744f61a02 -> 
  custom:container-demuxer-ogg: 62fdf1f143b41e24485cea50d1cbac27 -> 
  custom:video-encoder-webm-vp8: eb34c28f22e8b96e1ab97ce403110664 -> 
  custom:video-decoder-webm-vp8: 9c59270c3fd7afecdb556c50c9e8de78 -> 
  custom:audio-decoder-ogg-vorbis: bf7c407c2cedff20999df2af8eb42d56 -> 
  custom:audio-encoder-webm-vorbis: bf7c407c2cedff20999df2af8eb42d56 -> 
========================================================================
Received Import Request.
  Time since last request: 162.993563 seconds.
  path: Assets/uAdventure/Editor/Resources/EAdventureData/help/common_img/1492.png
  artifactKey: Guid(61e556068152e884eb750a454570af5f) Importer(815301076,1909f56bfc062723c751e8b465ee728b)
Start importing Assets/uAdventure/Editor/Resources/EAdventureData/help/common_img/1492.png using Guid(61e556068152e884eb750a454570af5f) Importer(815301076,1909f56bfc062723c751e8b465ee728b)  -> (artifact id: 'bfc4c9aa3c1e1a249adc5742620609fa') in 0.060493 seconds 
  Import took 0.067347 seconds .

========================================================================
Received Import Request.
  Time since last request: 1.988022 seconds.
  path: Assets/uAdventure/Resources/gui/cursors/action.png
  artifactKey: Guid(1b9327ba9db4c3542a0a4b1b17f99a17) Importer(815301076,1909f56bfc062723c751e8b465ee728b)
Start importing Assets/uAdventure/Resources/gui/cursors/action.png using Guid(1b9327ba9db4c3542a0a4b1b17f99a17) Importer(815301076,1909f56bfc062723c751e8b465ee728b)  -> (artifact id: 'bb85409a2e058d6081322f8cf24b5ff0') in 0.014516 seconds 
  Import took 0.019900 seconds .

========================================================================
Received Import Request.
  Time since last request: 0.000190 seconds.
  path: Assets/uAdventure/Editor/Resources/EAdventureData/gui/cursors/action.png
  artifactKey: Guid(a3793dca8af79514a893371beb02d0d6) Importer(815301076,1909f56bfc062723c751e8b465ee728b)
Start importing Assets/uAdventure/Editor/Resources/EAdventureData/gui/cursors/action.png using Guid(a3793dca8af79514a893371beb02d0d6) Importer(815301076,1909f56bfc062723c751e8b465ee728b)  -> (artifact id: 'f3a21630ff9e85285f1b192ab789dd8f') in 0.006989 seconds 
  Import took 0.012199 seconds .

========================================================================
Received Import Request.
  Time since last request: 0.000187 seconds.
  path: Assets/uAdventure/Editor/Resources/EAdventureData/img/icons/action.png
  artifactKey: Guid(b299bc4b65b77174584186173c7c3dba) Importer(815301076,1909f56bfc062723c751e8b465ee728b)
Start importing Assets/uAdventure/Editor/Resources/EAdventureData/img/icons/action.png using Guid(b299bc4b65b77174584186173c7c3dba) Importer(815301076,1909f56bfc062723c751e8b465ee728b)  -> (artifact id: '6b3e93b1c4ffb39b89eb0a2d6f6a21e7') in 0.010285 seconds 
  Import took 0.015397 seconds .

========================================================================
Received Import Request.
  Time since last request: 0.000223 seconds.
  path: Assets/uAdventure/Editor/Resources/EAdventureData/img/icons/actions.png
  artifactKey: Guid(87400a24311126947b91d5257c429b03) Importer(815301076,1909f56bfc062723c751e8b465ee728b)
Start importing Assets/uAdventure/Editor/Resources/EAdventureData/img/icons/actions.png using Guid(87400a24311126947b91d5257c429b03) Importer(815301076,1909f56bfc062723c751e8b465ee728b)  -> (artifact id: '34c8f65256d03cd7e046a13c88a4d4fa') in 0.009370 seconds 
  Import took 0.014022 seconds .

========================================================================
Received Import Request.
  Time since last request: 0.003548 seconds.
  path: Assets/uAdventure/Editor/Resources/EAdventureData/help/en_EN/scenes/Scene_ActiveAreaActions_files/actionsPanel.png
  artifactKey: Guid(b3253e677e492d643bfbb040058ae002) Importer(815301076,1909f56bfc062723c751e8b465ee728b)
Start importing Assets/uAdventure/Editor/Resources/EAdventureData/help/en_EN/scenes/Scene_ActiveAreaActions_files/actionsPanel.png using Guid(b3253e677e492d643bfbb040058ae002) Importer(815301076,1909f56bfc062723c751e8b465ee728b)  -> (artifact id: 'a2f6c057fd912152d7c5bb7b10ddf0e7') in 0.011035 seconds 
  Import took 0.015730 seconds .

========================================================================
Received Import Request.
  Time since last request: 0.000197 seconds.
  path: Assets/uAdventure/Editor/Resources/EAdventureData/help/es_ES/effects/Effects_Activate_files/Activate_effect_ES.jpg
  artifactKey: Guid(8e45c736054c9a447ba117f0cc1e46b5) Importer(815301076,1909f56bfc062723c751e8b465ee728b)
Start importing Assets/uAdventure/Editor/Resources/EAdventureData/help/es_ES/effects/Effects_Activate_files/Activate_effect_ES.jpg using Guid(8e45c736054c9a447ba117f0cc1e46b5) Importer(815301076,1909f56bfc062723c751e8b465ee728b)  -> (artifact id: 'dac4b6092eeaf62c58dcd3d908a46a0a') in 0.012157 seconds 
  Import took 0.017122 seconds .

========================================================================
Received Import Request.
  Time since last request: 0.000180 seconds.
  path: Assets/uAdventure/Editor/Resources/EAdventureData/img/icons/activeAreas.png
  artifactKey: Guid(d7a06f0f0dc8ce243bb091ccbdb6d894) Importer(815301076,1909f56bfc062723c751e8b465ee728b)
Start importing Assets/uAdventure/Editor/Resources/EAdventureData/img/icons/activeAreas.png using Guid(d7a06f0f0dc8ce243bb091ccbdb6d894) Importer(815301076,1909f56bfc062723c751e8b465ee728b)  -> (artifact id: '3cfdaa5a521f3808b8ea194be7df6325') in 0.009074 seconds 
  Import took 0.014113 seconds .

========================================================================
Received Import Request.
  Time since last request: 0.000209 seconds.
  path: Assets/uAdventure/Prefabs/ActiveArea.prefab
  artifactKey: Guid(805acbeb7afe2de429570d68d758a663) Importer(815301076,1909f56bfc062723c751e8b465ee728b)
Start importing Assets/uAdventure/Prefabs/ActiveArea.prefab using Guid(805acbeb7afe2de429570d68d758a663) Importer(815301076,1909f56bfc062723c751e8b465ee728b)  -> (artifact id: '81bc1da3a18471a75297636b433939a8') in 0.094003 seconds 
  Import took 0.098778 seconds .

========================================================================
Received Import Request.
  Time since last request: 0.000146 seconds.
  path: Assets/uAdventure/Editor/Resources/EAdventureData/help/en_EN/adaptation/AdaptationInitialScene_Files/adaptationInitialScene.JPG
  artifactKey: Guid(24a1c65b39f3a04418d552453f18405e) Importer(815301076,1909f56bfc062723c751e8b465ee728b)
Start importing Assets/uAdventure/Editor/Resources/EAdventureData/help/en_EN/adaptation/AdaptationInitialScene_Files/adaptationInitialScene.JPG using Guid(24a1c65b39f3a04418d552453f18405e) Importer(815301076,1909f56bfc062723c751e8b465ee728b)  -> (artifact id: 'd125cd18aebcd3b90a07550a76a6928e') in 0.010283 seconds 
  Import took 0.014248 seconds .

========================================================================
Received Import Request.
  Time since last request: 0.000261 seconds.
  path: Assets/uAdventure/Editor/Resources/EAdventureData/img/icons/adaptationProfiles.png
  artifactKey: Guid(d50bc30ca15846d4597acc8194860f23) Importer(815301076,1909f56bfc062723c751e8b465ee728b)
Start importing Assets/uAdventure/Editor/Resources/EAdventureData/img/icons/adaptationProfiles.png using Guid(d50bc30ca15846d4597acc8194860f23) Importer(815301076,1909f56bfc062723c751e8b465ee728b)  -> (artifact id: '0973389b984503e719e73ea0a8686348') in 0.008046 seconds 
  Import took 0.011991 seconds .

========================================================================
Received Import Request.
  Time since last request: 0.000237 seconds.
  path: Assets/uAdventure/Editor/Resources/EAdventureData/img/icons/effects/16x16/activate.png
  artifactKey: Guid(be4e9f89a26dd094a890e29fb98c5434) Importer(815301076,1909f56bfc062723c751e8b465ee728b)
Start importing Assets/uAdventure/Editor/Resources/EAdventureData/img/icons/effects/16x16/activate.png using Guid(be4e9f89a26dd094a890e29fb98c5434) Importer(815301076,1909f56bfc062723c751e8b465ee728b)  -> (artifact id: '20087b26342de12ccf5a9f05f786b12e') in 0.010661 seconds 
  Import took 0.014587 seconds .

========================================================================
Received Import Request.
  Time since last request: 0.000226 seconds.
  path: Assets/uAdventure/Editor/Resources/EAdventureData/img/icons/effects/64x64/activate.png
  artifactKey: Guid(f1dcce1fd8c43864c8dd5ea776168490) Importer(815301076,1909f56bfc062723c751e8b465ee728b)
Start importing Assets/uAdventure/Editor/Resources/EAdventureData/img/icons/effects/64x64/activate.png using Guid(f1dcce1fd8c43864c8dd5ea776168490) Importer(815301076,1909f56bfc062723c751e8b465ee728b)  -> (artifact id: '119915acf5ed95ff4b7a8b0dd223e1dd') in 0.008514 seconds 
  Import took 0.012361 seconds .

========================================================================
Received Import Request.
  Time since last request: 0.000225 seconds.
  path: Assets/uAdventure/Editor/Resources/EAdventureData/help/en_EN/adaptation/AdaptationInitialScene_Files/adaptationInitialState.JPG
  artifactKey: Guid(71635df67a0fb504e84d44c5cb63c4a1) Importer(815301076,1909f56bfc062723c751e8b465ee728b)
Start importing Assets/uAdventure/Editor/Resources/EAdventureData/help/en_EN/adaptation/AdaptationInitialScene_Files/adaptationInitialState.JPG using Guid(71635df67a0fb504e84d44c5cb63c4a1) Importer(815301076,1909f56bfc062723c751e8b465ee728b)  -> (artifact id: '41de208d19412227a57c16fa9edd34f2') in 0.009676 seconds 
  Import took 0.014023 seconds .

========================================================================
Received Import Request.
  Time since last request: 0.000259 seconds.
  path: Assets/uAdventure/Editor/Resources/EAdventureData/img/icons/effects/64x64-hot/activate.png
  artifactKey: Guid(6697b9d08db85c94196688ad45fca7b8) Importer(815301076,1909f56bfc062723c751e8b465ee728b)
Start importing Assets/uAdventure/Editor/Resources/EAdventureData/img/icons/effects/64x64-hot/activate.png using Guid(6697b9d08db85c94196688ad45fca7b8) Importer(815301076,1909f56bfc062723c751e8b465ee728b)  -> (artifact id: '124562bf193032303428ba5a16f4260a') in 0.009617 seconds 
  Import took 0.014244 seconds .

========================================================================
Received Import Request.
  Time since last request: 0.000220 seconds.
  path: Assets/uAdventure/Editor/Resources/EAdventureData/img/icons/Adaptation32.png
  artifactKey: Guid(604cf13f3c06ea043ba80a99d1d9395a) Importer(815301076,1909f56bfc062723c751e8b465ee728b)
Start importing Assets/uAdventure/Editor/Resources/EAdventureData/img/icons/Adaptation32.png using Guid(604cf13f3c06ea043ba80a99d1d9395a) Importer(815301076,1909f56bfc062723c751e8b465ee728b)  -> (artifact id: '57e29ba0b0db40b45def4d1dabd367b0') in 0.010261 seconds 
  Import took 0.015688 seconds .

========================================================================
Received Import Request.
  Time since last request: 0.000234 seconds.
  path: Assets/uAdventure/Editor/Resources/EAdventureData/img/icons/activeArea.png
  artifactKey: Guid(99f254982cdfb8546b94c5f594e12cf9) Importer(815301076,1909f56bfc062723c751e8b465ee728b)
Start importing Assets/uAdventure/Editor/Resources/EAdventureData/img/icons/activeArea.png using Guid(99f254982cdfb8546b94c5f594e12cf9) Importer(815301076,1909f56bfc062723c751e8b465ee728b)  -> (artifact id: '811400ff43f8a0a69589e2517fb407a5') in 0.010616 seconds 
  Import took 0.016952 seconds .

========================================================================
Received Import Request.
  Time since last request: 0.000266 seconds.
  path: Assets/uAdventure/Editor/Resources/EAdventureData/help/es_ES/adaptation/AdaptationProfile_Files/adaptationProfile.jpg
  artifactKey: Guid(b8c44bc6157df4e46bdc865732084450) Importer(815301076,1909f56bfc062723c751e8b465ee728b)
Start importing Assets/uAdventure/Editor/Resources/EAdventureData/help/es_ES/adaptation/AdaptationProfile_Files/adaptationProfile.jpg using Guid(b8c44bc6157df4e46bdc865732084450) Importer(815301076,1909f56bfc062723c751e8b465ee728b)  -> (artifact id: 'b7e4b716d2904ebb95196a9718bf2744') in 0.013423 seconds 
  Import took 0.017917 seconds .

========================================================================
Received Import Request.
  Time since last request: 0.000125 seconds.
  path: Assets/uAdventure/Editor/Resources/EAdventureData/img/icons/adaptationProfiles-2.png
  artifactKey: Guid(f0c0db3340687c5499a7d4bf27a8fb52) Importer(815301076,1909f56bfc062723c751e8b465ee728b)
Start importing Assets/uAdventure/Editor/Resources/EAdventureData/img/icons/adaptationProfiles-2.png using Guid(f0c0db3340687c5499a7d4bf27a8fb52) Importer(815301076,1909f56bfc062723c751e8b465ee728b)  -> (artifact id: '6f7a309dab75cfd5fc63e21b2a705b65') in 0.009212 seconds 
  Import took 0.013985 seconds .

========================================================================
Received Import Request.
  Time since last request: 0.000271 seconds.
  path: Assets/uAdventure/Editor/Resources/EAdventureData/help/es_ES/general/Tables_files/add.png
  artifactKey: Guid(ba08a9eb328b68e4eb105ca353c6d590) Importer(815301076,1909f56bfc062723c751e8b465ee728b)
Start importing Assets/uAdventure/Editor/Resources/EAdventureData/help/es_ES/general/Tables_files/add.png using Guid(ba08a9eb328b68e4eb105ca353c6d590) Importer(815301076,1909f56bfc062723c751e8b465ee728b)  -> (artifact id: 'b7c07e682fd962797ae3ff48d515cb65') in 0.009008 seconds 
  Import took 0.015237 seconds .

========================================================================
Received Import Request.
  Time since last request: 0.000226 seconds.
  path: Assets/uAdventure/Editor/Resources/EAdventureData/help/es_ES/adaptation/AdaptationRules_Files/adaptationRules.JPG
  artifactKey: Guid(2bcda7dafa6d2084d8ca5bb82c815e1a) Importer(815301076,1909f56bfc062723c751e8b465ee728b)
Start importing Assets/uAdventure/Editor/Resources/EAdventureData/help/es_ES/adaptation/AdaptationRules_Files/adaptationRules.JPG using Guid(2bcda7dafa6d2084d8ca5bb82c815e1a) Importer(815301076,1909f56bfc062723c751e8b465ee728b)  -> (artifact id: '63a43930c6beae9620b60fa9f0647129') in 0.012630 seconds 
  Import took 0.017627 seconds .

========================================================================
Received Import Request.
  Time since last request: 0.000211 seconds.
  path: Assets/uAdventure/Editor/Resources/EAdventureData/img/icons/adaptationRule.png
  artifactKey: Guid(fd82e0ef702147e43964c227763b253b) Importer(815301076,1909f56bfc062723c751e8b465ee728b)
Start importing Assets/uAdventure/Editor/Resources/EAdventureData/img/icons/adaptationRule.png using Guid(fd82e0ef702147e43964c227763b253b) Importer(815301076,1909f56bfc062723c751e8b465ee728b)  -> (artifact id: 'd55dbe12565d69d608d7edbf50ae81a8') in 0.009818 seconds 
  Import took 0.015213 seconds .

========================================================================
Received Import Request.
  Time since last request: 0.000268 seconds.
  path: Assets/uAdventure/Editor/Resources/EAdventureData/img/icons/effects/32x32/activate.png
  artifactKey: Guid(fd4c175e15dfa7142af56f8559f555f8) Importer(815301076,1909f56bfc062723c751e8b465ee728b)
Start importing Assets/uAdventure/Editor/Resources/EAdventureData/img/icons/effects/32x32/activate.png using Guid(fd4c175e15dfa7142af56f8559f555f8) Importer(815301076,1909f56bfc062723c751e8b465ee728b)  -> (artifact id: 'a6935035e7709c33f07feade1a8cb406') in 0.008374 seconds 
  Import took 0.014855 seconds .

========================================================================
Received Import Request.
  Time since last request: 0.000281 seconds.
  path: Assets/uAdventure/Editor/Resources/EAdventureData/help/es_ES/adaptation/AdaptationInitialScene_Files/adaptationInitialState.jpg
  artifactKey: Guid(6a06cde34933b8f44a0457b8b85b7bd3) Importer(815301076,1909f56bfc062723c751e8b465ee728b)
Start importing Assets/uAdventure/Editor/Resources/EAdventureData/help/es_ES/adaptation/AdaptationInitialScene_Files/adaptationInitialState.jpg using Guid(6a06cde34933b8f44a0457b8b85b7bd3) Importer(815301076,1909f56bfc062723c751e8b465ee728b)  -> (artifact id: 'ccd41f644e2715ffe527d3ca25294d89') in 0.010808 seconds 
  Import took 0.015997 seconds .

========================================================================
Received Import Request.
  Time since last request: 0.000233 seconds.
  path: Assets/uAdventure/Editor/Resources/EAdventureData/help/en_EN/adaptation/AdaptationRules_Files/adaptationRules.jpg
  artifactKey: Guid(8ef89d537876b3742b5fa8446c8dc581) Importer(815301076,1909f56bfc062723c751e8b465ee728b)
Start importing Assets/uAdventure/Editor/Resources/EAdventureData/help/en_EN/adaptation/AdaptationRules_Files/adaptationRules.jpg using Guid(8ef89d537876b3742b5fa8446c8dc581) Importer(815301076,1909f56bfc062723c751e8b465ee728b)  -> (artifact id: '042fbb8e29b753f7df9943785d55b01f') in 0.010570 seconds 
  Import took 0.015467 seconds .

========================================================================
Received Import Request.
  Time since last request: 0.000141 seconds.
  path: Assets/uAdventure/Editor/Resources/EAdventureData/help/en_EN/adaptation/AdaptationProfile_Files/adaptationProfile.JPG
  artifactKey: Guid(52f6e3ce64fdc7c4298cd5fad7b77650) Importer(815301076,1909f56bfc062723c751e8b465ee728b)
Start importing Assets/uAdventure/Editor/Resources/EAdventureData/help/en_EN/adaptation/AdaptationProfile_Files/adaptationProfile.JPG using Guid(52f6e3ce64fdc7c4298cd5fad7b77650) Importer(815301076,1909f56bfc062723c751e8b465ee728b)  -> (artifact id: 'a516e0f0a87aae99bf24d36416e65399') in 0.009610 seconds 
  Import took 0.015088 seconds .

========================================================================
Received Import Request.
  Time since last request: 0.000216 seconds.
  path: Assets/uAdventure/Editor/Resources/EAdventureData/help/en_EN/effects/Effects_Activate_files/Activate_effect_ES.jpg
  artifactKey: Guid(fc467262cdda1f74aae8116373bf3397) Importer(815301076,1909f56bfc062723c751e8b465ee728b)
Start importing Assets/uAdventure/Editor/Resources/EAdventureData/help/en_EN/effects/Effects_Activate_files/Activate_effect_ES.jpg using Guid(fc467262cdda1f74aae8116373bf3397) Importer(815301076,1909f56bfc062723c751e8b465ee728b)  -> (artifact id: '8e66f53d933f09cb1991a7fd3d4adc20') in 0.005864 seconds 
  Import took 0.010704 seconds .

========================================================================
Received Import Request.
  Time since last request: 0.000153 seconds.
  path: Assets/uAdventure/Editor/Resources/EAdventureData/help/es_ES/scenes/Scene_ActiveAreaActions_files/actionsPanel.png
  artifactKey: Guid(82d50a73706d27249b2515345df48540) Importer(815301076,1909f56bfc062723c751e8b465ee728b)
Start importing Assets/uAdventure/Editor/Resources/EAdventureData/help/es_ES/scenes/Scene_ActiveAreaActions_files/actionsPanel.png using Guid(82d50a73706d27249b2515345df48540) Importer(815301076,1909f56bfc062723c751e8b465ee728b)  -> (artifact id: '521ade41c11ae1db5a254a8c91cbe70f') in 0.006068 seconds 
  Import took 0.010877 seconds .

========================================================================
Received Import Request.
  Time since last request: 0.000193 seconds.
  path: Assets/uAdventure/Editor/Resources/EAdventureData/help/en_EN/general/Tables_files/add.png
  artifactKey: Guid(c77d4acec43e586479407656e6eb0d87) Importer(815301076,1909f56bfc062723c751e8b465ee728b)
Start importing Assets/uAdventure/Editor/Resources/EAdventureData/help/en_EN/general/Tables_files/add.png using Guid(c77d4acec43e586479407656e6eb0d87) Importer(815301076,1909f56bfc062723c751e8b465ee728b)  -> (artifact id: '2833ea66f1d6dd9d367fec4be95c9c86') in 0.006029 seconds 
  Import took 0.010347 seconds .

========================================================================
Received Import Request.
  Time since last request: 0.000169 seconds.
  path: Assets/uAdventure/Editor/Resources/EAdventureData/help/common_img/add_icon.png
  artifactKey: Guid(4d6d5c6229408d74487806ef0b69a031) Importer(815301076,1909f56bfc062723c751e8b465ee728b)
Start importing Assets/uAdventure/Editor/Resources/EAdventureData/help/common_img/add_icon.png using Guid(4d6d5c6229408d74487806ef0b69a031) Importer(815301076,1909f56bfc062723c751e8b465ee728b)  -> (artifact id: '9d5f2bb17ba9de31399d5e7593e57368') in 0.010702 seconds 
  Import took 0.016247 seconds .

========================================================================
Received Import Request.
  Time since last request: 0.000248 seconds.
  path: Assets/uAdventure/Editor/Resources/EAdventureData/img/icons/adaptationRulesList.png
  artifactKey: Guid(8dc22dfaa4cdf5349ae040863e83fa29) Importer(815301076,1909f56bfc062723c751e8b465ee728b)
Start importing Assets/uAdventure/Editor/Resources/EAdventureData/img/icons/adaptationRulesList.png using Guid(8dc22dfaa4cdf5349ae040863e83fa29) Importer(815301076,1909f56bfc062723c751e8b465ee728b)  -> (artifact id: '1c5bf70c72b8083560641ef58279a36c') in 0.009305 seconds 
  Import took 0.015433 seconds .

========================================================================
Received Import Request.
  Time since last request: 0.222940 seconds.
  path: Assets/uAdventure/Prefabs/AddItemParticle.prefab
  artifactKey: Guid(ea710b17d27b79e4c98ac4bd405580c2) Importer(815301076,1909f56bfc062723c751e8b465ee728b)
Start importing Assets/uAdventure/Prefabs/AddItemParticle.prefab using Guid(ea710b17d27b79e4c98ac4bd405580c2) Importer(815301076,1909f56bfc062723c751e8b465ee728b)  -> (artifact id: 'bc226810a18c8bf05c4b53a5b7496b2a') in 0.015761 seconds 
  Import took 0.021185 seconds .

========================================================================
Received Import Request.
  Time since last request: 0.000246 seconds.
  path: Assets/uAdventure/Editor/Resources/EAdventureData/help/en_EN/scenes/Scene_Trajectory_files/addNode.png
  artifactKey: Guid(8bd61e00ff89be148adc93f9de817c61) Importer(815301076,1909f56bfc062723c751e8b465ee728b)
Start importing Assets/uAdventure/Editor/Resources/EAdventureData/help/en_EN/scenes/Scene_Trajectory_files/addNode.png using Guid(8bd61e00ff89be148adc93f9de817c61) Importer(815301076,1909f56bfc062723c751e8b465ee728b)  -> (artifact id: '99e3d419d3434d660d9778de8aa0076e') in 0.012575 seconds 
  Import took 0.017730 seconds .

========================================================================
Received Import Request.
  Time since last request: 0.000287 seconds.
  path: Assets/uAdventure/Editor/Resources/EAdventureData/img/icons/addNode.png
  artifactKey: Guid(4d22f4aafa9d52b4c89adc7951e2d123) Importer(815301076,1909f56bfc062723c751e8b465ee728b)
Start importing Assets/uAdventure/Editor/Resources/EAdventureData/img/icons/addNode.png using Guid(4d22f4aafa9d52b4c89adc7951e2d123) Importer(815301076,1909f56bfc062723c751e8b465ee728b)  -> (artifact id: '92e3aacdb331f0f5c21e85bc6bb25fdb') in 0.010158 seconds 
  Import took 0.015970 seconds .

========================================================================
Received Import Request.
  Time since last request: 0.000291 seconds.
  path: Assets/uAdventure/Editor/Resources/EAdventureData/help/en_EN/scenes/Scene_Trajectory_files/addNode.png
  artifactKey: Guid(8bd61e00ff89be148adc93f9de817c61) Importer(815301076,1909f56bfc062723c751e8b465ee728b)
Start importing Assets/uAdventure/Editor/Resources/EAdventureData/help/en_EN/scenes/Scene_Trajectory_files/addNode.png using Guid(8bd61e00ff89be148adc93f9de817c61) Importer(815301076,1909f56bfc062723c751e8b465ee728b)  -> (artifact id: '99e3d419d3434d660d9778de8aa0076e') in 0.006383 seconds 
  Import took 0.011173 seconds .

========================================================================
Received Import Request.
  Time since last request: 0.000278 seconds.
  path: Assets/uAdventure/Prefabs/AddItemParticle.prefab
  artifactKey: Guid(ea710b17d27b79e4c98ac4bd405580c2) Importer(815301076,1909f56bfc062723c751e8b465ee728b)
Start importing Assets/uAdventure/Prefabs/AddItemParticle.prefab using Guid(ea710b17d27b79e4c98ac4bd405580c2) Importer(815301076,1909f56bfc062723c751e8b465ee728b)  -> (artifact id: 'bc226810a18c8bf05c4b53a5b7496b2a') in 0.004709 seconds 
  Import took 0.010847 seconds .

========================================================================
Received Import Request.
  Time since last request: 0.000154 seconds.
  path: Assets/uAdventure/Editor/Resources/EAdventureData/help/es_ES/scenes/Scene_Trajectory_files/addNode.png
  artifactKey: Guid(e93b983145cc5e441805c931b3bd10de) Importer(815301076,1909f56bfc062723c751e8b465ee728b)
Start importing Assets/uAdventure/Editor/Resources/EAdventureData/help/es_ES/scenes/Scene_Trajectory_files/addNode.png using Guid(e93b983145cc5e441805c931b3bd10de) Importer(815301076,1909f56bfc062723c751e8b465ee728b)  -> (artifact id: '4edff0c75510a5155e613162dd5127e8') in 0.005655 seconds 
  Import took 0.011329 seconds .

========================================================================
Received Import Request.
  Time since last request: 21.795866 seconds.
  path: Assets/uAdventure/Resources/CurrentGame/assets/image/adicto.png
  artifactKey: Guid(69bb6916542f00944bde234b12f7bbd8) Importer(815301076,1909f56bfc062723c751e8b465ee728b)
Start importing Assets/uAdventure/Resources/CurrentGame/assets/image/adicto.png using Guid(69bb6916542f00944bde234b12f7bbd8) Importer(815301076,1909f56bfc062723c751e8b465ee728b)  -> (artifact id: 'e114ad278b2c58d18cc310de41cdcacc') in 0.028754 seconds 
  Import took 0.033722 seconds .

========================================================================
Received Import Request.
  Time since last request: 0.000181 seconds.
  path: Assets/uAdventure/Resources/CurrentGame/assets/animation/adicto.png
  artifactKey: Guid(9bc33c506f007514389c395cf9e5cfd4) Importer(815301076,1909f56bfc062723c751e8b465ee728b)
Start importing Assets/uAdventure/Resources/CurrentGame/assets/animation/adicto.png using Guid(9bc33c506f007514389c395cf9e5cfd4) Importer(815301076,1909f56bfc062723c751e8b465ee728b)  -> (artifact id: '3f0df81235fe56ce0332553e26b00024') in 0.011303 seconds 
  Import took 0.016711 seconds .

========================================================================
Received Import Request.
  Time since last request: 0.000136 seconds.
  path: Assets/uAdventure/Editor/Resources/EAdventureData/img/icons/advanced.png
  artifactKey: Guid(d4d2976d571501e4ea4827b4135fe2b9) Importer(815301076,1909f56bfc062723c751e8b465ee728b)
Start importing Assets/uAdventure/Editor/Resources/EAdventureData/img/icons/advanced.png using Guid(d4d2976d571501e4ea4827b4135fe2b9) Importer(815301076,1909f56bfc062723c751e8b465ee728b)  -> (artifact id: 'c1892411bbd4c63aae5e4adad3a10bc1') in 0.009490 seconds 
  Import took 0.014490 seconds .

========================================================================
Received Import Request.
  Time since last request: 0.000335 seconds.
  path: Assets/uAdventure/Editor/Resources/EAdventureData/img/icons/advanced-old.png
  artifactKey: Guid(d5c74a7bd1bc82642b5bbf32758c9b68) Importer(815301076,1909f56bfc062723c751e8b465ee728b)
Start importing Assets/uAdventure/Editor/Resources/EAdventureData/img/icons/advanced-old.png using Guid(d5c74a7bd1bc82642b5bbf32758c9b68) Importer(815301076,1909f56bfc062723c751e8b465ee728b)  -> (artifact id: '23a1026692e5d8d58bce6abc41e781e4') in 0.011307 seconds 
  Import took 0.016399 seconds .

========================================================================
Received Import Request.
  Time since last request: 5.808039 seconds.
  path: Assets/uAdventure/Editor/Resources/EAdventureData/help/es_ES/effects/Effects_Animation_files/Animation_effect_ES.jpg
  artifactKey: Guid(a1d1129abaa0a89469847c9cf94e3e2b) Importer(815301076,1909f56bfc062723c751e8b465ee728b)
Start importing Assets/uAdventure/Editor/Resources/EAdventureData/help/es_ES/effects/Effects_Animation_files/Animation_effect_ES.jpg using Guid(a1d1129abaa0a89469847c9cf94e3e2b) Importer(815301076,1909f56bfc062723c751e8b465ee728b)  -> (artifact id: '7f92d687c708333841fffd70aabe50e1') in 0.015587 seconds 
  Import took 0.021135 seconds .

========================================================================
Received Import Request.
  Time since last request: 0.000145 seconds.
  path: Assets/uAdventure/Editor/Resources/EAdventureData/help/en_EN/effects/Effects_Animation_files/Animation_effect_ES.jpg
  artifactKey: Guid(4586a1be1dc78ea47949d6f0e8d643ce) Importer(815301076,1909f56bfc062723c751e8b465ee728b)
Start importing Assets/uAdventure/Editor/Resources/EAdventureData/help/en_EN/effects/Effects_Animation_files/Animation_effect_ES.jpg using Guid(4586a1be1dc78ea47949d6f0e8d643ce) Importer(815301076,1909f56bfc062723c751e8b465ee728b)  -> (artifact id: '107f61ab478d4c3783a34cb038b1d5d6') in 0.010967 seconds 
  Import took 0.015504 seconds .

========================================================================
Received Import Request.
  Time since last request: 0.000210 seconds.
  path: Assets/uAdventure/Editor/Resources/EAdventureData/img/icons/answer.png
  artifactKey: Guid(48456c647c587bb40a51282939742666) Importer(815301076,1909f56bfc062723c751e8b465ee728b)
Start importing Assets/uAdventure/Editor/Resources/EAdventureData/img/icons/answer.png using Guid(48456c647c587bb40a51282939742666) Importer(815301076,1909f56bfc062723c751e8b465ee728b)  -> (artifact id: '1be48401fb5d5ad110857593b034c647') in 0.009295 seconds 
  Import took 0.013823 seconds .

========================================================================
Received Import Request.
  Time since last request: 0.000251 seconds.
  path: Assets/TextMesh Pro/Examples & Extras/Resources/Fonts & Materials/Anton SDF.asset
  artifactKey: Guid(8a89fa14b10d46a99122fd4f73fca9a2) Importer(815301076,1909f56bfc062723c751e8b465ee728b)
Start importing Assets/TextMesh Pro/Examples & Extras/Resources/Fonts & Materials/Anton SDF.asset using Guid(8a89fa14b10d46a99122fd4f73fca9a2) Importer(815301076,1909f56bfc062723c751e8b465ee728b)  -> (artifact id: '89f74535dbbe80d820aad8820167369b') in 0.053953 seconds 
  Import took 0.058973 seconds .

========================================================================
Received Import Request.
  Time since last request: 0.000304 seconds.
  path: Assets/TextMesh Pro/Examples & Extras/Resources/Fonts & Materials/Anton SDF - Drop Shadow.mat
  artifactKey: Guid(749b9069dc4742c5bfa5c74644049926) Importer(815301076,1909f56bfc062723c751e8b465ee728b)
Start importing Assets/TextMesh Pro/Examples & Extras/Resources/Fonts & Materials/Anton SDF - Drop Shadow.mat using Guid(749b9069dc4742c5bfa5c74644049926) Importer(815301076,1909f56bfc062723c751e8b465ee728b)  -> (artifact id: '9b9a6dbab25d6543dfee2789e8fae952') in 0.063434 seconds 
  Import took 0.068776 seconds .

========================================================================
Received Import Request.
  Time since last request: 0.000256 seconds.
  path: Assets/TextMesh Pro/Examples & Extras/Resources/Fonts & Materials/Anton SDF - Sunny Days.mat
  artifactKey: Guid(6522f30e342599e4e9dd4cc2cc03c830) Importer(815301076,1909f56bfc062723c751e8b465ee728b)
Start importing Assets/TextMesh Pro/Examples & Extras/Resources/Fonts & Materials/Anton SDF - Sunny Days.mat using Guid(6522f30e342599e4e9dd4cc2cc03c830) Importer(815301076,1909f56bfc062723c751e8b465ee728b)  -> (artifact id: '3ab2dc3a4077b37fe1bf25fc2e34219a') in 0.102829 seconds 
  Import took 0.108476 seconds .

========================================================================
Received Import Request.
  Time since last request: 0.000298 seconds.
  path: Assets/TextMesh Pro/Examples & Extras/Resources/Fonts & Materials/Anton SDF - Outline.mat
  artifactKey: Guid(a00013af81304728b2be1f4309ee2433) Importer(815301076,1909f56bfc062723c751e8b465ee728b)
Start importing Assets/TextMesh Pro/Examples & Extras/Resources/Fonts & Materials/Anton SDF - Outline.mat using Guid(a00013af81304728b2be1f4309ee2433) Importer(815301076,1909f56bfc062723c751e8b465ee728b)  -> (artifact id: '2507f20aeeae8d98f86e4c2025440d37') in 0.056969 seconds 
  Import took 0.062487 seconds .

========================================================================
Received Import Request.
  Time since last request: 0.000442 seconds.
  path: Assets/uAdventure/Editor/Resources/EAdventureData/help/en_EN/scenes/Scene_ExitAppearence_files/appearence.png
  artifactKey: Guid(c3c993bf77900894485549c9ce964837) Importer(815301076,1909f56bfc062723c751e8b465ee728b)
Start importing Assets/uAdventure/Editor/Resources/EAdventureData/help/en_EN/scenes/Scene_ExitAppearence_files/appearence.png using Guid(c3c993bf77900894485549c9ce964837) Importer(815301076,1909f56bfc062723c751e8b465ee728b)  -> (artifact id: '1c37354cbd43d3c1aa78d312125e965f') in 0.011435 seconds 
  Import took 0.016789 seconds .

========================================================================
Received Import Request.
  Time since last request: 0.000196 seconds.
  path: Assets/uAdventure/Editor/Resources/EAdventureData/help/es_ES/scenes/Scene_ExitAppearence_files/appearence.png
  artifactKey: Guid(9d809cd7056fb5844ad456c612ef3872) Importer(815301076,1909f56bfc062723c751e8b465ee728b)
Start importing Assets/uAdventure/Editor/Resources/EAdventureData/help/es_ES/scenes/Scene_ExitAppearence_files/appearence.png using Guid(9d809cd7056fb5844ad456c612ef3872) Importer(815301076,1909f56bfc062723c751e8b465ee728b)  -> (artifact id: '497a4451d8f80beba517da4f099cbc74') in 0.006467 seconds 
  Import took 0.011697 seconds .

========================================================================
Received Import Request.
  Time since last request: 0.000188 seconds.
  path: Assets/TextMesh Pro/Examples & Extras/Fonts/Anton.ttf
  artifactKey: Guid(997a43b767814dd0a7642ec9b78cba41) Importer(815301076,1909f56bfc062723c751e8b465ee728b)
Start importing Assets/TextMesh Pro/Examples & Extras/Fonts/Anton.ttf using Guid(997a43b767814dd0a7642ec9b78cba41) Importer(815301076,1909f56bfc062723c751e8b465ee728b)  -> (artifact id: 'a682bbb39787555d96ca66a99595bfc7') in 0.020061 seconds 
  Import took 0.025811 seconds .

========================================================================
Received Prepare
Registering precompiled user dll's ...
Registered in 0.008897 seconds.
Begin MonoManager ReloadAssembly
Native extension for WindowsStandalone target not found
Refreshing native plugins compatible for Editor in 1.00 ms, found 3 plugins.
Preloading 0 native plugins for Editor in 0.00 ms.
Loading config data at: Assets/uAdventure/Resources/config_editor.xml
UnityEngine.StackTraceUtility:ExtractStackTrace ()
UnityEngine.DebugLogHandler:LogFormat (UnityEngine.LogType,UnityEngine.Object,string,object[])
UnityEngine.Logger:Log (UnityEngine.LogType,object)
UnityEngine.Debug:Log (object)
uAdventure.Editor.ConfigData:.ctor (string) (at Assets/uAdventure/Editor/Engine logic/Controllers/Config/ConfigData.cs:426)
uAdventure.Editor.ConfigData:LoadFromXML (string) (at Assets/uAdventure/Editor/Engine logic/Controllers/Config/ConfigData.cs:363)
uAdventure.Editor.Controller:.cctor () (at Assets/uAdventure/Editor/Engine logic/Controllers/Controller.cs:473)
System.Runtime.CompilerServices.RuntimeHelpers:RunClassConstructor (System.RuntimeTypeHandle)
UnityEditor.EditorAssemblies:ProcessInitializeOnLoadAttributes (System.Type[])

(Filename: Assets/uAdventure/Editor/Engine logic/Controllers/Config/ConfigData.cs Line: 426)

Mono: successfully reloaded assembly
- Completed reload, in  1.118 seconds
Platform modules already initialized, skipping
Refreshing native plugins compatible for Editor in 1.01 ms, found 3 plugins.
Preloading 0 native plugins for Editor in 0.00 ms.
Unloading 3248 Unused Serialized files (Serialized files now loaded: 0)
System memory in use before: 126.2 MB.
System memory in use after: 125.9 MB.

Unloading 90 unused Assets to reduce memory usage. Loaded Objects now: 3703.
Total: 5.277000 ms (FindLiveObjects: 0.285700 ms CreateObjectMapping: 0.139000 ms MarkObjects: 4.555200 ms  DeleteObjects: 0.295900 ms)

AssetImportParameters requested are different than current active one (requested -> active):
  custom:framework-win-MediaFoundation: 216162199b28c13a410421893ffa2e32 -> 
  custom:video-decoder-ogg-theora: a1e56fd34408186e4bbccfd4996cb3dc -> 
  custom:container-muxer-webm: aa71ff27fc2769a1b78a27578f13a17b -> 
  custom:container-demuxer-webm: 4f35f7cbe854078d1ac9338744f61a02 -> 
  custom:container-demuxer-ogg: 62fdf1f143b41e24485cea50d1cbac27 -> 
  custom:video-encoder-webm-vp8: eb34c28f22e8b96e1ab97ce403110664 -> 
  custom:video-decoder-webm-vp8: 9c59270c3fd7afecdb556c50c9e8de78 -> 
  custom:audio-decoder-ogg-vorbis: bf7c407c2cedff20999df2af8eb42d56 -> 
  custom:audio-encoder-webm-vorbis: bf7c407c2cedff20999df2af8eb42d56 -> 
========================================================================
Received Prepare
Registering precompiled user dll's ...
Registered in 0.008870 seconds.
Begin MonoManager ReloadAssembly
Native extension for WindowsStandalone target not found
Refreshing native plugins compatible for Editor in 1.13 ms, found 3 plugins.
Preloading 0 native plugins for Editor in 0.00 ms.
Loading config data at: Assets/uAdventure/Resources/config_editor.xml
UnityEngine.StackTraceUtility:ExtractStackTrace ()
UnityEngine.DebugLogHandler:LogFormat (UnityEngine.LogType,UnityEngine.Object,string,object[])
UnityEngine.Logger:Log (UnityEngine.LogType,object)
UnityEngine.Debug:Log (object)
uAdventure.Editor.ConfigData:.ctor (string) (at Assets/uAdventure/Editor/Engine logic/Controllers/Config/ConfigData.cs:426)
uAdventure.Editor.ConfigData:LoadFromXML (string) (at Assets/uAdventure/Editor/Engine logic/Controllers/Config/ConfigData.cs:363)
uAdventure.Editor.Controller:.cctor () (at Assets/uAdventure/Editor/Engine logic/Controllers/Controller.cs:473)
System.Runtime.CompilerServices.RuntimeHelpers:RunClassConstructor (System.RuntimeTypeHandle)
UnityEditor.EditorAssemblies:ProcessInitializeOnLoadAttributes (System.Type[])

(Filename: Assets/uAdventure/Editor/Engine logic/Controllers/Config/ConfigData.cs Line: 426)

Mono: successfully reloaded assembly
- Completed reload, in  1.089 seconds
Platform modules already initialized, skipping
Refreshing native plugins compatible for Editor in 1.01 ms, found 3 plugins.
Preloading 0 native plugins for Editor in 0.00 ms.
Unloading 3246 Unused Serialized files (Serialized files now loaded: 0)
System memory in use before: 126.0 MB.
System memory in use after: 125.7 MB.

Unloading 90 unused Assets to reduce memory usage. Loaded Objects now: 3706.
Total: 6.886800 ms (FindLiveObjects: 0.447000 ms CreateObjectMapping: 0.177400 ms MarkObjects: 5.895500 ms  DeleteObjects: 0.365600 ms)

AssetImportParameters requested are different than current active one (requested -> active):
  custom:framework-win-MediaFoundation: 216162199b28c13a410421893ffa2e32 -> 
  custom:video-decoder-ogg-theora: a1e56fd34408186e4bbccfd4996cb3dc -> 
  custom:container-muxer-webm: aa71ff27fc2769a1b78a27578f13a17b -> 
  custom:container-demuxer-webm: 4f35f7cbe854078d1ac9338744f61a02 -> 
  custom:container-demuxer-ogg: 62fdf1f143b41e24485cea50d1cbac27 -> 
  custom:video-encoder-webm-vp8: eb34c28f22e8b96e1ab97ce403110664 -> 
  custom:video-decoder-webm-vp8: 9c59270c3fd7afecdb556c50c9e8de78 -> 
  custom:audio-decoder-ogg-vorbis: bf7c407c2cedff20999df2af8eb42d56 -> 
  custom:audio-encoder-webm-vorbis: bf7c407c2cedff20999df2af8eb42d56 -> 
========================================================================
Received Prepare
Registering precompiled user dll's ...
Registered in 0.008945 seconds.
Begin MonoManager ReloadAssembly
Native extension for WindowsStandalone target not found
Refreshing native plugins compatible for Editor in 0.94 ms, found 3 plugins.
Preloading 0 native plugins for Editor in 0.00 ms.
Loading config data at: Assets/uAdventure/Resources/config_editor.xml
UnityEngine.StackTraceUtility:ExtractStackTrace ()
UnityEngine.DebugLogHandler:LogFormat (UnityEngine.LogType,UnityEngine.Object,string,object[])
UnityEngine.Logger:Log (UnityEngine.LogType,object)
UnityEngine.Debug:Log (object)
uAdventure.Editor.ConfigData:.ctor (string) (at Assets/uAdventure/Editor/Engine logic/Controllers/Config/ConfigData.cs:426)
uAdventure.Editor.ConfigData:LoadFromXML (string) (at Assets/uAdventure/Editor/Engine logic/Controllers/Config/ConfigData.cs:363)
uAdventure.Editor.Controller:.cctor () (at Assets/uAdventure/Editor/Engine logic/Controllers/Controller.cs:473)
System.Runtime.CompilerServices.RuntimeHelpers:RunClassConstructor (System.RuntimeTypeHandle)
UnityEditor.EditorAssemblies:ProcessInitializeOnLoadAttributes (System.Type[])

(Filename: Assets/uAdventure/Editor/Engine logic/Controllers/Config/ConfigData.cs Line: 426)

Mono: successfully reloaded assembly
- Completed reload, in  1.009 seconds
Platform modules already initialized, skipping
Refreshing native plugins compatible for Editor in 0.98 ms, found 3 plugins.
Preloading 0 native plugins for Editor in 0.00 ms.
Unloading 3246 Unused Serialized files (Serialized files now loaded: 0)
System memory in use before: 126.0 MB.
System memory in use after: 125.7 MB.

Unloading 90 unused Assets to reduce memory usage. Loaded Objects now: 3709.
Total: 5.444700 ms (FindLiveObjects: 0.317200 ms CreateObjectMapping: 0.140000 ms MarkObjects: 4.601200 ms  DeleteObjects: 0.385600 ms)

AssetImportParameters requested are different than current active one (requested -> active):
  custom:framework-win-MediaFoundation: 216162199b28c13a410421893ffa2e32 -> 
  custom:video-decoder-ogg-theora: a1e56fd34408186e4bbccfd4996cb3dc -> 
  custom:container-muxer-webm: aa71ff27fc2769a1b78a27578f13a17b -> 
  custom:container-demuxer-webm: 4f35f7cbe854078d1ac9338744f61a02 -> 
  custom:container-demuxer-ogg: 62fdf1f143b41e24485cea50d1cbac27 -> 
  custom:video-encoder-webm-vp8: eb34c28f22e8b96e1ab97ce403110664 -> 
  custom:video-decoder-webm-vp8: 9c59270c3fd7afecdb556c50c9e8de78 -> 
  custom:audio-decoder-ogg-vorbis: bf7c407c2cedff20999df2af8eb42d56 -> 
  custom:audio-encoder-webm-vorbis: bf7c407c2cedff20999df2af8eb42d56 -> 
AssetImportWorkerClient::OnTransportError - code=2 error=End of file
